<?xml version="1.0" encoding="UTF-8"?>
<!-- Generated by org.testng.reporters.JUnitReportReporter -->
<testsuite hostname="DESKTOP-ESAV9NA" failures="0" tests="3" name="TestNG.Testing04" time="2.472" errors="0" timestamp="2023-08-22T20:45:28 BDT" skipped="0">
  <testcase classname="TestNG.Testing04" name="TestUrl" time="0.032"/>
  <system-out/>
  <testcase classname="TestNG.Testing04" name="TestTitle" time="0.021"/>
  <system-out/>
  <testcase classname="TestNG.Testing04" name="LoginCheck" time="2.419"/>
  <system-out/>
</testsuite> <!-- TestNG.Testing04 -->
